\BOOKMARK [0][-]{chapter.1}{\376\377\000I\000n\000t\000r\000o\000d\000u\000c\000t\000i\000o\000n}{}% 1
\BOOKMARK [0][-]{chapter.2}{\376\377\000M\000a\000t\000h\000e\000m\000a\000t\000i\000c\000a\000l\000\040\000M\000a\000r\000k\000u\000p\000\040\000L\000a\000n\000g\000u\000a\000g\000e\000\040\000-\000\040\000M\000a\000t\000h\000M\000L}{}% 2
\BOOKMARK [1][-]{section.2.1}{\376\377\000\040\000S\000t\000r\000u\000c\000t\000u\000r\000e\000\040\000o\000f\000\040\000M\000a\000t\000h\000M\000L}{chapter.2}% 3
\BOOKMARK [2][-]{subsection.2.1.1}{\376\377\000\040\000P\000r\000e\000s\000e\000n\000t\000a\000t\000i\000o\000n\000\040\000M\000a\000t\000h\000M\000L}{section.2.1}% 4
\BOOKMARK [2][-]{subsection.2.1.2}{\376\377\000\040\000C\000o\000n\000t\000e\000n\000t\000\040\000M\000a\000t\000h\000M\000L}{section.2.1}% 5
\BOOKMARK [1][-]{section.2.2}{\376\377\000\040\000C\000r\000e\000a\000t\000i\000n\000g\000\040\000M\000a\000t\000h\000M\000L\000\040\000M\000a\000r\000k\000u\000p}{chapter.2}% 6
\BOOKMARK [2][-]{subsection.2.2.1}{\376\377\000\040\000L\000a\000T\000e\000X\000M\000L}{section.2.2}% 7
\BOOKMARK [2][-]{subsection.2.2.2}{\376\377\000\040\000T\000r\000a\000l\000i\000c\000s}{section.2.2}% 8
\BOOKMARK [2][-]{subsection.2.2.3}{\376\377\000\040\000M\000a\000x\000T\000r\000a\000c\000t}{section.2.2}% 9
\BOOKMARK [2][-]{subsection.2.2.4}{\376\377\000\040\000I\000N\000F\000T\000Y\000\040\000R\000e\000a\000d\000e\000r}{section.2.2}% 10
\BOOKMARK [2][-]{subsection.2.2.5}{\376\377\000\040\000T\000e\000X\0004\000h\000t}{section.2.2}% 11
\BOOKMARK [1][-]{section.2.3}{\376\377\000\040\000C\000a\000n\000o\000n\000i\000c\000a\000l\000i\000z\000a\000t\000i\000o\000n\000\040\000o\000f\000\040\000M\000a\000t\000h\000M\000L}{chapter.2}% 12
\BOOKMARK [0][-]{chapter.3}{\376\377\000S\000t\000a\000t\000u\000s\000\040\000Q\000u\000o\000\040\000o\000f\000\040\000C\000u\000r\000r\000e\000n\000t\000\040\000T\000o\000o\000l\000s}{}% 13
\BOOKMARK [1][-]{section.3.1}{\376\377\000\040\000D\000A\000I\000S\000Y}{chapter.3}% 14
\BOOKMARK [1][-]{section.3.2}{\376\377\000\040\000M\000a\000t\000h\000P\000l\000a\000y\000e\000r}{chapter.3}% 15
\BOOKMARK [1][-]{section.3.3}{\376\377\000\040\000A\000s\000T\000e\000R}{chapter.3}% 16
\BOOKMARK [1][-]{section.3.4}{\376\377\000\040\000M\000a\000t\000h\000T\000a\000l\000k}{chapter.3}% 17
\BOOKMARK [1][-]{section.3.5}{\376\377\000\040\000L\000a\000m\000b\000d\000a}{chapter.3}% 18
\BOOKMARK [1][-]{section.3.6}{\376\377\000\040\000W\000e\000b\000\040\000B\000r\000o\000w\000s\000e\000r\000\040\000S\000u\000p\000p\000o\000r\000t}{chapter.3}% 19
\BOOKMARK [0][-]{chapter.4}{\376\377\000A\000n\000a\000l\000y\000s\000i\000s\000\040\000a\000n\000d\000\040\000S\000o\000l\000u\000t\000i\000o\000n\000\040\000P\000r\000o\000p\000o\000s\000a\000l}{}% 20
\BOOKMARK [1][-]{section.4.1}{\376\377\000\040\000L\000o\000a\000d\000\040\000D\000o\000c\000u\000m\000e\000n\000t}{chapter.4}% 21
\BOOKMARK [1][-]{section.4.2}{\376\377\000\040\000C\000r\000e\000a\000t\000e\000\040\000T\000r\000e\000e}{chapter.4}% 22
\BOOKMARK [1][-]{section.4.3}{\376\377\000\040\000C\000o\000n\000v\000e\000r\000t\000\040\000T\000r\000e\000e}{chapter.4}% 23
\BOOKMARK [2][-]{subsection.4.3.1}{\376\377\000\040\000P\000r\000e\000s\000e\000n\000t\000a\000t\000i\000o\000n\000\040\000M\000a\000t\000h\000M\000L}{section.4.3}% 24
\BOOKMARK [2][-]{subsection.4.3.2}{\376\377\000\040\000C\000o\000n\000t\000e\000n\000t\000\040\000M\000a\000t\000h\000M\000L}{section.4.3}% 25
\BOOKMARK [2][-]{subsection.4.3.3}{\376\377\000\040\000O\000p\000e\000r\000a\000t\000o\000r\000s\000\040\000a\000n\000d\000\040\000S\000y\000m\000b\000o\000l\000s}{section.4.3}% 26
\BOOKMARK [2][-]{subsection.4.3.4}{\376\377\000\040\000A\000d\000d\000i\000n\000g\000\040\000P\000a\000r\000e\000n\000t\000h\000e\000s\000e\000s}{section.4.3}% 27
\BOOKMARK [2][-]{subsection.4.3.5}{\376\377\000\040\000L\000o\000c\000a\000l\000i\000z\000a\000t\000i\000o\000n}{section.4.3}% 28
\BOOKMARK [0][-]{chapter.5}{\376\377\000I\000m\000p\000l\000e\000m\000e\000n\000t\000a\000t\000i\000o\000n}{}% 29
\BOOKMARK [1][-]{section.5.1}{\376\377\000\040\000D\000O\000M\000-\000l\000i\000k\000e\000\040\000R\000e\000p\000r\000e\000s\000e\000n\000t\000a\000t\000i\000o\000n\000\040\000o\000f\000\040\000M\000a\000t\000h\000M\000L}{chapter.5}% 30
\BOOKMARK [1][-]{section.5.2}{\376\377\000\040\000I\000n\000p\000u\000t\000\040\000P\000r\000o\000c\000e\000s\000s\000i\000n\000g}{chapter.5}% 31
\BOOKMARK [2][-]{subsection.5.2.1}{\376\377\000\040\000X\000M\000L\000\040\000P\000a\000r\000s\000e\000r}{section.5.2}% 32
\BOOKMARK [1][-]{section.5.3}{\376\377\000\040\000C\000o\000n\000v\000e\000r\000s\000i\000o\000n}{chapter.5}% 33
\BOOKMARK [0][-]{chapter.6}{\376\377\000R\000e\000s\000u\000l\000t\000s}{}% 34
\BOOKMARK [1][-]{section.6.1}{\376\377\000\040\000M\000a\000t\000h\000e\000m\000a\000t\000i\000c\000a\000l\000\040\000R\000e\000t\000r\000i\000e\000v\000a\000l\000\040\000C\000o\000l\000l\000e\000c\000t\000i\000o\000n\000\040\000M\000R\000E\000C}{chapter.6}% 35
\BOOKMARK [1][-]{section.6.2}{\376\377\000\040\000C\000o\000m\000p\000a\000r\000i\000n\000g\000\040\000X\000m\000l\000P\000a\000r\000s\000e\000r\000\040\000I\000m\000p\000l\000e\000m\000e\000n\000t\000a\000t\000i\000o\000n\000s}{chapter.6}% 36
\BOOKMARK [1][-]{section.6.3}{\376\377\000\040\000C\000o\000n\000v\000e\000r\000t\000i\000n\000g\000\040\000t\000h\000e\000\040\000M\000R\000E\000C\000\040\000C\000o\000r\000p\000u\000s}{chapter.6}% 37
\BOOKMARK [0][-]{chapter.7}{\376\377\000C\000o\000n\000c\000l\000u\000s\000i\000o\000n}{}% 38
\BOOKMARK [0][-]{appendix.A}{\376\377\000E\000l\000e\000c\000t\000r\000o\000n\000i\000c\000\040\000A\000t\000t\000a\000c\000h\000m\000e\000n\000t\000s}{}% 39
\BOOKMARK [0][-]{appendix.B}{\376\377\000C\000o\000m\000m\000a\000n\000d\000\040\000L\000i\000n\000e\000\040\000A\000r\000g\000u\000m\000e\000n\000t\000s}{}% 40
\BOOKMARK [0][-]{appendix.C}{\376\377\000C\000o\000n\000v\000e\000r\000s\000i\000o\000n\000\040\000E\000x\000a\000m\000p\000l\000e\000s}{}% 41
