\BOOKMARK [0][-]{chapter.1}{\376\377\000I\000n\000t\000r\000o\000d\000u\000c\000t\000i\000o\000n}{}% 1
\BOOKMARK [0][-]{chapter.2}{\376\377\000M\000o\000t\000i\000v\000a\000t\000i\000o\000n}{}% 2
\BOOKMARK [0][-]{chapter.3}{\376\377\000M\000a\000t\000h\000e\000m\000a\000t\000i\000c\000a\000l\000\040\000M\000a\000r\000k\000u\000p\000\040\000L\000a\000n\000g\000u\000a\000g\000e\000\040\000-\000\040\000M\000a\000t\000h\000M\000L}{}% 3
\BOOKMARK [1][-]{section.3.1}{\376\377\000\040\000S\000t\000r\000u\000c\000t\000u\000r\000e\000\040\000o\000f\000\040\000M\000a\000t\000h\000M\000L}{chapter.3}% 4
\BOOKMARK [2][-]{subsection.3.1.1}{\376\377\000\040\000P\000r\000e\000s\000e\000n\000t\000a\000t\000i\000o\000n\000\040\000M\000a\000t\000h\000M\000L}{section.3.1}% 5
\BOOKMARK [2][-]{subsection.3.1.2}{\376\377\000\040\000C\000o\000n\000t\000e\000n\000t\000\040\000M\000a\000t\000h\000M\000L}{section.3.1}% 6
\BOOKMARK [1][-]{section.3.2}{\376\377\000\040\000C\000r\000e\000a\000t\000i\000n\000g\000\040\000M\000a\000t\000h\000M\000L\000\040\000M\000a\000r\000k\000u\000p}{chapter.3}% 7
\BOOKMARK [2][-]{subsection.3.2.1}{\376\377\000\040\000L\000a\000T\000e\000X\000M\000L}{section.3.2}% 8
\BOOKMARK [2][-]{subsection.3.2.2}{\376\377\000\040\000T\000r\000a\000l\000i\000c\000s}{section.3.2}% 9
\BOOKMARK [2][-]{subsection.3.2.3}{\376\377\000\040\000M\000a\000x\000T\000r\000a\000c\000t}{section.3.2}% 10
\BOOKMARK [2][-]{subsection.3.2.4}{\376\377\000\040\000I\000N\000F\000T\000Y\000\040\000R\000e\000a\000d\000e\000r}{section.3.2}% 11
\BOOKMARK [2][-]{subsection.3.2.5}{\376\377\000\040\000T\000e\000X\0004\000h\000t}{section.3.2}% 12
\BOOKMARK [1][-]{section.3.3}{\376\377\000\040\000C\000a\000n\000o\000n\000i\000c\000a\000l\000i\000z\000a\000t\000i\000o\000n}{chapter.3}% 13
\BOOKMARK [0][-]{chapter.4}{\376\377\000S\000t\000a\000t\000u\000s\000\040\000Q\000u\000o\000\040\000o\000f\000\040\000C\000u\000r\000r\000e\000n\000t\000\040\000T\000o\000o\000l\000s}{}% 14
\BOOKMARK [1][-]{section.4.1}{\376\377\000\040\000D\000A\000I\000S\000Y}{chapter.4}% 15
\BOOKMARK [1][-]{section.4.2}{\376\377\000\040\000M\000a\000t\000h\000P\000l\000a\000y\000e\000r}{chapter.4}% 16
\BOOKMARK [1][-]{section.4.3}{\376\377\000\040\000A\000s\000T\000e\000R}{chapter.4}% 17
\BOOKMARK [1][-]{section.4.4}{\376\377\000\040\000M\000a\000t\000h\000T\000a\000l\000k}{chapter.4}% 18
\BOOKMARK [1][-]{section.4.5}{\376\377\000\040\000L\000a\000m\000b\000d\000a}{chapter.4}% 19
\BOOKMARK [1][-]{section.4.6}{\376\377\000\040\000W\000e\000b\000\040\000B\000r\000o\000w\000s\000e\000r\000\040\000S\000u\000p\000p\000o\000r\000t}{chapter.4}% 20
\BOOKMARK [0][-]{chapter.5}{\376\377\000A\000n\000a\000l\000y\000s\000i\000s\000\040\000a\000n\000d\000\040\000S\000o\000l\000u\000t\000i\000o\000n\000\040\000P\000r\000o\000p\000o\000s\000a\000l}{}% 21
\BOOKMARK [1][-]{section.5.1}{\376\377\000\040\000I\000n\000p\000u\000t\000\040\000P\000r\000o\000c\000e\000s\000s\000i\000n\000g}{chapter.5}% 22
\BOOKMARK [2][-]{subsection.5.1.1}{\376\377\000\040\000M\000u\000l\000t\000i\000t\000h\000r\000e\000a\000d\000i\000n\000g}{section.5.1}% 23
\BOOKMARK [2][-]{subsection.5.1.2}{\376\377\000\040\000D\000o\000c\000u\000m\000e\000n\000t\000\040\000O\000b\000j\000e\000c\000t\000\040\000M\000o\000d\000e\000l}{section.5.1}% 24
\BOOKMARK [2][-]{subsection.5.1.3}{\376\377\000\040\000X\000S\000L}{section.5.1}% 25
\BOOKMARK [2][-]{subsection.5.1.4}{\376\377\000\040\000S\000t\000r\000e\000a\000m\000i\000n\000g\000\040\000X\000M\000L}{section.5.1}% 26
\BOOKMARK [2][-]{subsection.5.1.5}{\376\377\000\040\000X\000M\000L\000\040\000D\000a\000t\000a\000\040\000B\000i\000n\000d\000i\000n\000g}{section.5.1}% 27
\BOOKMARK [2][-]{subsection.5.1.6}{\376\377\000\040\000P\000r\000o\000p\000o\000s\000e\000d\000\040\000S\000o\000l\000u\000t\000i\000o\000n}{section.5.1}% 28
\BOOKMARK [1][-]{section.5.2}{\376\377\000\040\000C\000o\000n\000v\000e\000r\000s\000i\000o\000n}{chapter.5}% 29
\BOOKMARK [2][-]{subsection.5.2.1}{\376\377\000\040\000P\000r\000e\000s\000e\000n\000t\000a\000t\000i\000o\000n\000\040\000M\000a\000t\000h\000M\000L}{section.5.2}% 30
\BOOKMARK [2][-]{subsection.5.2.2}{\376\377\000\040\000C\000o\000n\000t\000e\000n\000t\000\040\000M\000a\000t\000h\000M\000L}{section.5.2}% 31
\BOOKMARK [2][-]{subsection.5.2.3}{\376\377\000\040\000O\000p\000e\000r\000a\000t\000o\000r\000s\000\040\000a\000n\000d\000\040\000S\000y\000m\000b\000o\000l\000s}{section.5.2}% 32
\BOOKMARK [0][-]{chapter.6}{\376\377\000I\000m\000p\000l\000e\000m\000e\000n\000t\000a\000t\000i\000o\000n}{}% 33
\BOOKMARK [1][-]{section.6.1}{\376\377\000\040\000D\000O\000M\000-\000l\000i\000k\000e\000\040\000R\000e\000p\000r\000e\000s\000e\000n\000t\000a\000t\000i\000o\000n\000\040\000o\000f\000\040\000M\000a\000t\000h\000M\000L}{chapter.6}% 34
\BOOKMARK [1][-]{section.6.2}{\376\377\000\040\000I\000n\000p\000u\000t\000\040\000P\000r\000o\000c\000e\000s\000s\000i\000n\000g}{chapter.6}% 35
\BOOKMARK [2][-]{subsection.6.2.1}{\376\377\000\040\000X\000M\000L\000\040\000P\000a\000r\000s\000e\000r}{section.6.2}% 36
\BOOKMARK [1][-]{section.6.3}{\376\377\000\040\000C\000o\000n\000v\000e\000r\000s\000i\000o\000n}{chapter.6}% 37
\BOOKMARK [0][-]{chapter.7}{\376\377\000R\000e\000s\000u\000l\000t\000s}{}% 38
\BOOKMARK [1][-]{section.7.1}{\376\377\000\040\000M\000R\000E\000C\000\040\000C\000o\000r\000p\000u\000s}{chapter.7}% 39
\BOOKMARK [1][-]{section.7.2}{\376\377\000\040\000C\000h\000a\000n\000g\000i\000n\000g\000\040\000S\000t\000A\000X\000\040\000I\000m\000p\000l\000e\000m\000e\000n\000t\000a\000t\000i\000o\000n}{chapter.7}% 40
\BOOKMARK [0][-]{chapter.8}{\376\377\000C\000o\000n\000c\000l\000u\000s\000i\000o\000n}{}% 41
